<?xml version="1.0" encoding="UTF-8"?>
<!-- Generated by org.testng.reporters.JUnitReportReporter -->
<testsuite name="com.pack.two.TestB" tests="2" time="0.002" ignored="0" failures="0" timestamp="22 Feb 2017 21:50:09 GMT" skipped="0" hostname="NIDRASAR-E752" errors="0">
  <testcase name="testOne" time="0.001" classname="com.pack.two.TestB"/>
  <testcase name="testTwo" time="0.001" classname="com.pack.two.TestB"/>
</testsuite> <!-- com.pack.two.TestB -->
